Installation started 2014-09-17 00:26:12
Attempting to connect to database revive_adserver with user wtuser
Connected to database revive_adserver
Database settings and permissions are OK
creating upgrade_action audit table
successfully created upgrade_action audit table
creating database_action audit table
successfully created database_action audit table
schema definition from cache TRUE
Installation created the core tables
Installation updated the schema version to 613
Installation updated the application version to 3.0.5
Preparing to set timezone preference...
Found timezone preference ID of 16
Found the admin account's timezone association, updating preference...
Updated the admin account timezone preference to: 'America/New_York'
Starting file-check for plugins...
Finished file-check for plugins
Starting file-check for plugins...
Finished file-check for plugins
Starting file-check for plugins...
Finished file-check for plugins
